<?xml version="1.0" encoding="UTF-8"?>
<!-- Generated by org.testng.reporters.JUnitXMLReporter -->
<testsuite ignored="4" hostname="Thor" failures="0" tests="1" name="Default test" time="5.017" errors="0" timestamp="21 Sept 2025 10:17:55 GMT">
  <testcase classname="Project1.Project1BDD" name="_02GetSingleEmployee" time="4.985"/>
  <testcase classname="Project1.Project1BDD" name="_05TestDeletedEmployee" time="0.0">
    <ignored/>
  </testcase> <!-- _05TestDeletedEmployee -->
  <testcase classname="Project1.Project1BDD" name="_01GetAllEmployee" time="0.0">
    <ignored/>
  </testcase> <!-- _01GetAllEmployee -->
  <testcase classname="Project1.Project1BDD" name="_03CreateEmployee" time="0.0">
    <ignored/>
  </testcase> <!-- _03CreateEmployee -->
  <testcase classname="Project1.Project1BDD" name="_04DeleteEmployee" time="0.0">
    <ignored/>
  </testcase> <!-- _04DeleteEmployee -->
</testsuite> <!-- Default test -->
