<?xml version="1.0" encoding="UTF-8"?>
<!-- Generated by org.testng.reporters.JUnitXMLReporter -->
<testsuite ignored="1" hostname="Thor" failures="0" tests="2" name="Smoke Test" time="6.328" errors="0" timestamp="28 Sept 2025 04:15:26 GMT">
  <testcase classname="swaglab_test.Logintest" name="LockedUserLoginFailureTest" time="0.533"/>
  <testcase classname="swaglab_test.Logintest" name="LoginFailureTest" time="0.43"/>
  <testcase classname="swaglab_test.Logintest" name="LoginSuccessTest" time="0.0">
    <ignored/>
  </testcase> <!-- LoginSuccessTest -->
</testsuite> <!-- Smoke Test -->
