<?xml version="1.0" encoding="UTF-8"?>
<!-- Generated by org.testng.reporters.JUnitXMLReporter -->
<testsuite ignored="1" hostname="Thor" failures="0" tests="2" name="Swaglb login Test" time="8.329" errors="0" timestamp="28 Sept 2025 04:17:26 GMT">
  <testcase classname="swaglab_test.Logintest" name="LockedUserLoginFailureTest" time="0.555"/>
  <testcase classname="swaglab_test.Logintest" name="LoginFailureTest" time="0.425"/>
  <testcase classname="swaglab_test.Logintest" name="LoginSuccessTest" time="0.0">
    <ignored/>
  </testcase> <!-- LoginSuccessTest -->
</testsuite> <!-- Swaglb login Test -->
