<?xml version="1.0" encoding="UTF-8"?>
<!-- Generated by org.testng.reporters.JUnitXMLReporter -->
<testsuite ignored="1" hostname="Thor" failures="0" tests="3" name="Swaglab login Test" time="17.468" errors="0" timestamp="28 Sept 2025 04:26:39 GMT">
  <testcase classname="swaglab_test.ProductsTest" name="AddtoCartTest" time="1.71"/>
  <testcase classname="swaglab_test.Logintest" name="LockedUserLoginFailureTest" time="0.498"/>
  <testcase classname="swaglab_test.Logintest" name="LoginFailureTest" time="0.485"/>
  <testcase classname="swaglab_test.Logintest" name="LoginSuccessTest" time="0.0">
    <ignored/>
  </testcase> <!-- LoginSuccessTest -->
</testsuite> <!-- Swaglab login Test -->
