<?xml version="1.0" encoding="UTF-8"?>
<testng-results ignored="1" total="2" passed="1" failed="0" skipped="0">
  <reporter-output>
  </reporter-output>
  <suite started-at="2025-09-21T02:19:25Z" name="Default suite" finished-at="2025-09-21T02:19:26Z" duration-ms="1690">
    <groups>
    </groups>
    <test started-at="2025-09-21T02:19:25Z" name="Default test" finished-at="2025-09-21T02:19:26Z" duration-ms="1690">
      <class name="Project2.CRUDputPatchcall">
        <test-method signature="_02UpdatePatch()[pri:0, instance:Project2.CRUDputPatchcall@5b6ec132]" started-at="2025-09-21T02:19:25Z" name="_02UpdatePatch" finished-at="2025-09-21T02:19:26Z" duration-ms="1673" status="PASS">
          <reporter-output>
          </reporter-output>
        </test-method> <!-- _02UpdatePatch -->
      </class> <!-- Project2.CRUDputPatchcall -->
    </test> <!-- Default test -->
  </suite> <!-- Default suite -->
</testng-results>
