<?xml version="1.0" encoding="UTF-8"?>
<!-- Generated by org.testng.reporters.JUnitReportReporter -->
<testsuite hostname="Thor" failures="0" tests="3" name="TestNG.AnotationClass" time="0.010" errors="0" timestamp="27 Sept 2025 09:39:45 GMT" skipped="1">
  <testcase classname="TestNG.AnotationClass" name="test2" time="0.002"/>
  <testcase classname="TestNG.AnotationClass" name="test1" time="0.008"/>
  <testcase classname="TestNG.AnotationClass" name="test3">
    <skipped/>
  </testcase> <!-- test3 -->
</testsuite> <!-- TestNG.AnotationClass -->
