<?xml version="1.0" encoding="UTF-8"?>
<testng-results ignored="4" total="5" passed="1" failed="0" skipped="0">
  <reporter-output>
  </reporter-output>
  <suite started-at="2025-09-21T10:17:50Z" name="Default suite" finished-at="2025-09-21T10:17:55Z" duration-ms="5017">
    <groups>
    </groups>
    <test started-at="2025-09-21T10:17:50Z" name="Default test" finished-at="2025-09-21T10:17:55Z" duration-ms="5017">
      <class name="Project1.Project1BDD">
        <test-method signature="_02GetSingleEmployee()[pri:0, instance:Project1.Project1BDD@2c78d320]" started-at="2025-09-21T10:17:50Z" name="_02GetSingleEmployee" finished-at="2025-09-21T10:17:55Z" duration-ms="4985" status="PASS">
          <reporter-output>
          </reporter-output>
        </test-method> <!-- _02GetSingleEmployee -->
      </class> <!-- Project1.Project1BDD -->
    </test> <!-- Default test -->
  </suite> <!-- Default suite -->
</testng-results>
