<?xml version="1.0" encoding="UTF-8"?>
<testng-results ignored="0" total="1" passed="1" failed="0" skipped="0">
  <reporter-output>
  </reporter-output>
  <suite started-at="2025-09-28T05:35:00Z" name="Default suite" finished-at="2025-09-28T05:35:07Z" duration-ms="6499">
    <groups>
    </groups>
    <test started-at="2025-09-28T05:35:00Z" name="Default test" finished-at="2025-09-28T05:35:07Z" duration-ms="6499">
      <class name="swaglab_test.ProductsTest">
        <test-method is-config="true" signature="Setup()[pri:0, instance:swaglab_test.ProductsTest@5505ae1a]" started-at="2025-09-28T05:35:00Z" name="Setup" finished-at="2025-09-28T05:35:04Z" duration-ms="3479" status="PASS">
          <reporter-output>
          </reporter-output>
        </test-method> <!-- Setup -->
        <test-method signature="AddtoCartTest()[pri:0, instance:swaglab_test.ProductsTest@5505ae1a]" started-at="2025-09-28T05:35:04Z" name="AddtoCartTest" finished-at="2025-09-28T05:35:07Z" duration-ms="2834" status="PASS">
          <reporter-output>
          </reporter-output>
        </test-method> <!-- AddtoCartTest -->
        <test-method is-config="true" signature="TearDown()[pri:0, instance:swaglab_test.ProductsTest@5505ae1a]" started-at="2025-09-28T05:35:07Z" name="TearDown" finished-at="2025-09-28T05:35:07Z" duration-ms="149" status="PASS">
          <reporter-output>
          </reporter-output>
        </test-method> <!-- TearDown -->
      </class> <!-- swaglab_test.ProductsTest -->
    </test> <!-- Default test -->
  </suite> <!-- Default suite -->
</testng-results>
