<?xml version="1.0" encoding="UTF-8"?>
<testng-results ignored="0" total="1" passed="1" failed="0" skipped="0">
  <reporter-output>
  </reporter-output>
  <suite started-at="2025-09-11T18:30:55Z" name="Default suite" finished-at="2025-09-11T18:30:58Z" duration-ms="3442">
    <groups>
    </groups>
    <test started-at="2025-09-11T18:30:55Z" name="Default test" finished-at="2025-09-11T18:30:58Z" duration-ms="3442">
      <class name="RestAPIBDD.CreateRepoBDD">
        <test-method signature="test1()[pri:0, instance:RestAPIBDD.CreateRepoBDD@31ff43be]" started-at="2025-09-11T18:30:55Z" name="test1" finished-at="2025-09-11T18:30:58Z" duration-ms="3425" status="PASS">
          <reporter-output>
          </reporter-output>
        </test-method> <!-- test1 -->
      </class> <!-- RestAPIBDD.CreateRepoBDD -->
    </test> <!-- Default test -->
  </suite> <!-- Default suite -->
</testng-results>
